<?xml version="1.0" encoding="UTF-8"?>
<!-- Generated by org.testng.reporters.JUnitXMLReporter -->
<testsuite ignored="1" hostname="DESKTOP-RL8SVL3" failures="0" tests="4" name="Test" time="8.52" errors="0" timestamp="2023-07-11T20:34:47 IST">
  <testcase classname="com.LoginTest.VerifyTC_001" name="verifyTC_001_loginvalidCredentials" time="0.703"/>
  <testcase classname="com.LoginTest.VerifyTC_002" name="verifyTC_002_loginInvalidCredentials" time="0.004"/>
  <testcase classname="com.LoginTest.VerifyTC_003" name="verifyTC_003" time="0.007"/>
  <testcase classname="com.LoginTest.VerifyTC_005" name="verifyTC_005" time="0.009"/>
  <testcase classname="com.Utility.BaseClass" name="@BeforeSuite initilizationObject" time="0.0">
    <ignored/>
  </testcase> <!-- @BeforeSuite initilizationObject -->
</testsuite> <!-- Test -->
