<?xml version="1.0" encoding="UTF-8"?>
<!-- Generated by org.testng.reporters.JUnitXMLReporter -->
<testsuite ignored="1" hostname="DESKTOP-0I4KNGH" failures="0" tests="5" name="Test" time="38.403" errors="0" timestamp="2023-07-11T20:33:26 IST">
  <testcase classname="com.LoginTest.VerifyTC_001" name="verifyTC_001_loginvalidCredentials" time="1.495"/>
  <testcase classname="com.LoginTest.VerifyTC_002" name="verifyTC_002_loginInvalidCredentials" time="0.004"/>
  <testcase classname="com.LoginTest.VerifyTC_004" name="VerifyRegistration" time="0.003"/>
  <testcase classname="com.LoginTest.VerifyTC_008" name="VerifyRegistration" time="0.017"/>
  <testcase classname="com.LoginTest.VerifyTC_007" name="verifyloginpage" time="0.009"/>
  <testcase classname="com.Utility.BaseClass" name="@BeforeSuite initilizationObject" time="0.0">
    <ignored/>
  </testcase> <!-- @BeforeSuite initilizationObject -->
</testsuite> <!-- Test -->
