<?xml version="1.0" encoding="UTF-8"?>
<testng-results ignored="0" total="3" passed="3" failed="0" skipped="0">
  <reporter-output>
  </reporter-output>
  <suite started-at="2023-07-12T19:39:15 IST" name="Suite" finished-at="2023-07-12T19:39:20 IST" duration-ms="4630">
    <groups>
    </groups>
    <test started-at="2023-07-12T19:39:15 IST" name="Test" finished-at="2023-07-12T19:39:20 IST" duration-ms="4630">
      <class name="com.LoginTest.VerifyTC_008">
        <test-method signature="VerifyRegistration()[pri:0, instance:com.LoginTest.VerifyTC_008@7ac296f6]" started-at="2023-07-12T19:39:20 IST" name="VerifyRegistration" finished-at="2023-07-12T19:39:20 IST" duration-ms="3" status="PASS">
          <reporter-output>
          </reporter-output>
        </test-method> <!-- VerifyRegistration -->
      </class> <!-- com.LoginTest.VerifyTC_008 -->
      <class name="com.LoginTest.VerifyTC_002">
        <test-method is-config="true" signature="setUp(java.lang.String)[pri:0, instance:com.LoginTest.VerifyTC_002@2eea88a1]" started-at="2023-07-12T19:39:18 IST" name="setUp" finished-at="2023-07-12T19:39:20 IST" duration-ms="1543" status="PASS">
          <params>
            <param index="0">
              <value>
                <![CDATA[Chrome]]>
              </value>
            </param>
          </params>
          <reporter-output>
          </reporter-output>
        </test-method> <!-- setUp -->
        <test-method signature="verifyTC_002_loginInvalidCredentials()[pri:0, instance:com.LoginTest.VerifyTC_002@2eea88a1]" started-at="2023-07-12T19:39:20 IST" name="verifyTC_002_loginInvalidCredentials" finished-at="2023-07-12T19:39:20 IST" duration-ms="3" status="PASS">
          <reporter-output>
          </reporter-output>
        </test-method> <!-- verifyTC_002_loginInvalidCredentials -->
        <test-method is-config="true" signature="tearDown()[pri:0, instance:com.LoginTest.VerifyTC_002@2eea88a1]" started-at="2023-07-12T19:39:20 IST" name="tearDown" finished-at="2023-07-12T19:39:20 IST" duration-ms="1" status="PASS">
          <reporter-output>
          </reporter-output>
        </test-method> <!-- tearDown -->
      </class> <!-- com.LoginTest.VerifyTC_002 -->
      <class name="com.LoginTest.VerifyTC_001">
        <test-method is-config="true" signature="initilizationObject()[pri:0, instance:com.LoginTest.VerifyTC_001@74287ea3]" started-at="2023-07-12T19:39:15 IST" name="initilizationObject" finished-at="2023-07-12T19:39:15 IST" duration-ms="471" status="PASS">
          <reporter-output>
          </reporter-output>
        </test-method> <!-- initilizationObject -->
        <test-method is-config="true" signature="setUp(java.lang.String)[pri:0, instance:com.LoginTest.VerifyTC_001@74287ea3]" started-at="2023-07-12T19:39:15 IST" name="setUp" finished-at="2023-07-12T19:39:18 IST" duration-ms="2821" status="PASS">
          <params>
            <param index="0">
              <value>
                <![CDATA[Chrome]]>
              </value>
            </param>
          </params>
          <reporter-output>
          </reporter-output>
        </test-method> <!-- setUp -->
        <test-method signature="verifyTC_001_loginvalidCredentials()[pri:0, instance:com.LoginTest.VerifyTC_001@74287ea3]" started-at="2023-07-12T19:39:18 IST" name="verifyTC_001_loginvalidCredentials" finished-at="2023-07-12T19:39:18 IST" duration-ms="230" status="PASS">
          <reporter-output>
          </reporter-output>
        </test-method> <!-- verifyTC_001_loginvalidCredentials -->
        <test-method is-config="true" signature="tearDown()[pri:0, instance:com.LoginTest.VerifyTC_001@74287ea3]" started-at="2023-07-12T19:39:18 IST" name="tearDown" finished-at="2023-07-12T19:39:18 IST" duration-ms="1" status="PASS">
          <reporter-output>
          </reporter-output>
        </test-method> <!-- tearDown -->
      </class> <!-- com.LoginTest.VerifyTC_001 -->
    </test> <!-- Test -->
  </suite> <!-- Suite -->
</testng-results>
